{"/Users/student/Desktop/gitprojects/tech-tests/bank/spec/BankSpec.js":{"path":"/Users/student/Desktop/gitprojects/tech-tests/bank/spec/BankSpec.js","s":{"1":1,"2":1,"3":1,"4":5,"5":5,"6":1,"7":1,"8":1,"9":1,"10":7,"11":1,"12":1,"13":1,"14":1,"15":1,"16":1,"17":1,"18":1,"19":1,"20":1,"21":1,"22":1,"23":1,"24":1,"25":1,"26":1,"27":1,"28":1,"29":1,"30":1,"31":1,"32":1},"b":{},"f":{"1":5,"2":1,"3":1,"4":7,"5":1,"6":1,"7":1,"8":1,"9":1,"10":1,"11":1},"fnMap":{"1":{"name":"(anonymous_1)","line":6,"loc":{"start":{"line":6,"column":10},"end":{"line":6,"column":21}}},"2":{"name":"(anonymous_2)","line":12,"loc":{"start":{"line":12,"column":17},"end":{"line":12,"column":28}}},"3":{"name":"(anonymous_3)","line":13,"loc":{"start":{"line":13,"column":48},"end":{"line":13,"column":59}}},"4":{"name":"(anonymous_4)","line":17,"loc":{"start":{"line":17,"column":15},"end":{"line":17,"column":26}}},"5":{"name":"(anonymous_5)","line":22,"loc":{"start":{"line":22,"column":51},"end":{"line":22,"column":62}}},"6":{"name":"(anonymous_6)","line":26,"loc":{"start":{"line":26,"column":30},"end":{"line":26,"column":41}}},"7":{"name":"(anonymous_7)","line":30,"loc":{"start":{"line":30,"column":41},"end":{"line":30,"column":52}}},"8":{"name":"(anonymous_8)","line":35,"loc":{"start":{"line":35,"column":71},"end":{"line":35,"column":82}}},"9":{"name":"(anonymous_9)","line":41,"loc":{"start":{"line":41,"column":38},"end":{"line":41,"column":49}}},"10":{"name":"(anonymous_10)","line":47,"loc":{"start":{"line":47,"column":46},"end":{"line":47,"column":57}}},"11":{"name":"(anonymous_11)","line":54,"loc":{"start":{"line":54,"column":54},"end":{"line":54,"column":65}}}},"statementMap":{"1":{"start":{"line":2,"column":0},"end":{"line":2,"column":43}},"2":{"start":{"line":3,"column":0},"end":{"line":3,"column":27}},"3":{"start":{"line":6,"column":0},"end":{"line":10,"column":2}},"4":{"start":{"line":7,"column":2},"end":{"line":7,"column":21}},"5":{"start":{"line":8,"column":2},"end":{"line":9,"column":39}},"6":{"start":{"line":12,"column":0},"end":{"line":61,"column":3}},"7":{"start":{"line":13,"column":2},"end":{"line":60,"column":5}},"8":{"start":{"line":15,"column":4},"end":{"line":15,"column":20}},"9":{"start":{"line":17,"column":4},"end":{"line":20,"column":7}},"10":{"start":{"line":19,"column":6},"end":{"line":19,"column":29}},"11":{"start":{"line":22,"column":4},"end":{"line":24,"column":7}},"12":{"start":{"line":23,"column":6},"end":{"line":23,"column":88}},"13":{"start":{"line":26,"column":4},"end":{"line":28,"column":7}},"14":{"start":{"line":27,"column":6},"end":{"line":27,"column":45}},"15":{"start":{"line":30,"column":4},"end":{"line":33,"column":7}},"16":{"start":{"line":31,"column":6},"end":{"line":31,"column":32}},"17":{"start":{"line":32,"column":6},"end":{"line":32,"column":49}},"18":{"start":{"line":35,"column":4},"end":{"line":39,"column":7}},"19":{"start":{"line":36,"column":6},"end":{"line":36,"column":30}},"20":{"start":{"line":37,"column":6},"end":{"line":37,"column":31}},"21":{"start":{"line":38,"column":6},"end":{"line":38,"column":50}},"22":{"start":{"line":41,"column":4},"end":{"line":45,"column":7}},"23":{"start":{"line":42,"column":6},"end":{"line":42,"column":30}},"24":{"start":{"line":43,"column":6},"end":{"line":44,"column":45}},"25":{"start":{"line":47,"column":4},"end":{"line":52,"column":7}},"26":{"start":{"line":48,"column":6},"end":{"line":48,"column":30}},"27":{"start":{"line":49,"column":6},"end":{"line":49,"column":33}},"28":{"start":{"line":50,"column":6},"end":{"line":51,"column":83}},"29":{"start":{"line":54,"column":4},"end":{"line":59,"column":7}},"30":{"start":{"line":55,"column":6},"end":{"line":55,"column":33}},"31":{"start":{"line":56,"column":6},"end":{"line":56,"column":28}},"32":{"start":{"line":57,"column":6},"end":{"line":58,"column":82}}},"branchMap":{}},"/Users/student/Desktop/gitprojects/tech-tests/bank/src/Bank.js":{"path":"/Users/student/Desktop/gitprojects/tech-tests/bank/src/Bank.js","s":{"1":1,"2":7,"3":7,"4":1,"5":4,"6":4,"7":9,"8":4,"9":4,"10":1,"11":0,"12":1,"13":6,"14":6,"15":1,"16":2,"17":2,"18":1,"19":6,"20":1,"21":2,"22":1,"23":8,"24":8,"25":1,"26":16,"27":1},"b":{},"f":{"1":7,"2":4,"3":0,"4":6,"5":2,"6":6,"7":2,"8":8,"9":16},"fnMap":{"1":{"name":"Bank","line":1,"loc":{"start":{"line":1,"column":0},"end":{"line":1,"column":17}}},"2":{"name":"(anonymous_2)","line":6,"loc":{"start":{"line":6,"column":31},"end":{"line":6,"column":43}}},"3":{"name":"(anonymous_3)","line":17,"loc":{"start":{"line":17,"column":31},"end":{"line":17,"column":43}}},"4":{"name":"(anonymous_4)","line":21,"loc":{"start":{"line":21,"column":24},"end":{"line":21,"column":39}}},"5":{"name":"(anonymous_5)","line":26,"loc":{"start":{"line":26,"column":23},"end":{"line":26,"column":38}}},"6":{"name":"(anonymous_6)","line":31,"loc":{"start":{"line":31,"column":31},"end":{"line":31,"column":46}}},"7":{"name":"(anonymous_7)","line":36,"loc":{"start":{"line":36,"column":30},"end":{"line":36,"column":45}}},"8":{"name":"(anonymous_8)","line":41,"loc":{"start":{"line":41,"column":25},"end":{"line":41,"column":37}}},"9":{"name":"(anonymous_9)","line":47,"loc":{"start":{"line":47,"column":23},"end":{"line":47,"column":38}}}},"statementMap":{"1":{"start":{"line":1,"column":0},"end":{"line":4,"column":1}},"2":{"start":{"line":2,"column":2},"end":{"line":2,"column":18}},"3":{"start":{"line":3,"column":2},"end":{"line":3,"column":57}},"4":{"start":{"line":6,"column":0},"end":{"line":15,"column":1}},"5":{"start":{"line":7,"column":2},"end":{"line":7,"column":17}},"6":{"start":{"line":9,"column":2},"end":{"line":11,"column":3}},"7":{"start":{"line":10,"column":4},"end":{"line":10,"column":38}},"8":{"start":{"line":13,"column":2},"end":{"line":13,"column":49}},"9":{"start":{"line":14,"column":2},"end":{"line":14,"column":15}},"10":{"start":{"line":17,"column":0},"end":{"line":19,"column":1}},"11":{"start":{"line":18,"column":2},"end":{"line":18,"column":35}},"12":{"start":{"line":21,"column":0},"end":{"line":24,"column":1}},"13":{"start":{"line":22,"column":2},"end":{"line":22,"column":21}},"14":{"start":{"line":23,"column":2},"end":{"line":23,"column":25}},"15":{"start":{"line":26,"column":0},"end":{"line":29,"column":1}},"16":{"start":{"line":27,"column":2},"end":{"line":27,"column":21}},"17":{"start":{"line":28,"column":2},"end":{"line":28,"column":24}},"18":{"start":{"line":31,"column":0},"end":{"line":34,"column":1}},"19":{"start":{"line":32,"column":2},"end":{"line":33,"column":27}},"20":{"start":{"line":36,"column":0},"end":{"line":39,"column":1}},"21":{"start":{"line":37,"column":2},"end":{"line":38,"column":27}},"22":{"start":{"line":41,"column":0},"end":{"line":45,"column":1}},"23":{"start":{"line":42,"column":2},"end":{"line":42,"column":20}},"24":{"start":{"line":43,"column":2},"end":{"line":44,"column":38}},"25":{"start":{"line":47,"column":0},"end":{"line":49,"column":1}},"26":{"start":{"line":48,"column":2},"end":{"line":48,"column":31}},"27":{"start":{"line":52,"column":0},"end":{"line":52,"column":26}}},"branchMap":{}}}