TN:
SF:/Users/student/Desktop/gitprojects/tech-tests/bank/spec/BankSpec.js
FN:6,(anonymous_1)
FN:12,(anonymous_2)
FN:13,(anonymous_3)
FN:17,(anonymous_4)
FN:22,(anonymous_5)
FN:26,(anonymous_6)
FN:30,(anonymous_7)
FN:35,(anonymous_8)
FN:41,(anonymous_9)
FN:47,(anonymous_10)
FN:54,(anonymous_11)
FNF:11
FNH:11
FNDA:5,(anonymous_1)
FNDA:1,(anonymous_2)
FNDA:1,(anonymous_3)
FNDA:7,(anonymous_4)
FNDA:1,(anonymous_5)
FNDA:1,(anonymous_6)
FNDA:1,(anonymous_7)
FNDA:1,(anonymous_8)
FNDA:1,(anonymous_9)
FNDA:1,(anonymous_10)
FNDA:1,(anonymous_11)
DA:2,1
DA:3,1
DA:6,1
DA:7,5
DA:8,5
DA:12,1
DA:13,1
DA:15,1
DA:17,1
DA:19,7
DA:22,1
DA:23,1
DA:26,1
DA:27,1
DA:30,1
DA:31,1
DA:32,1
DA:35,1
DA:36,1
DA:37,1
DA:38,1
DA:41,1
DA:42,1
DA:43,1
DA:47,1
DA:48,1
DA:49,1
DA:50,1
DA:54,1
DA:55,1
DA:56,1
DA:57,1
LF:32
LH:32
BRF:0
BRH:0
end_of_record
TN:
SF:/Users/student/Desktop/gitprojects/tech-tests/bank/src/Bank.js
FN:1,Bank
FN:6,(anonymous_2)
FN:17,(anonymous_3)
FN:21,(anonymous_4)
FN:26,(anonymous_5)
FN:31,(anonymous_6)
FN:36,(anonymous_7)
FN:41,(anonymous_8)
FN:47,(anonymous_9)
FNF:9
FNH:8
FNDA:7,Bank
FNDA:4,(anonymous_2)
FNDA:0,(anonymous_3)
FNDA:6,(anonymous_4)
FNDA:2,(anonymous_5)
FNDA:6,(anonymous_6)
FNDA:2,(anonymous_7)
FNDA:8,(anonymous_8)
FNDA:16,(anonymous_9)
DA:1,1
DA:2,7
DA:3,7
DA:6,1
DA:7,4
DA:9,4
DA:10,9
DA:13,4
DA:14,4
DA:17,1
DA:18,0
DA:21,1
DA:22,6
DA:23,6
DA:26,1
DA:27,2
DA:28,2
DA:31,1
DA:32,6
DA:36,1
DA:37,2
DA:41,1
DA:42,8
DA:43,8
DA:47,1
DA:48,16
DA:52,1
LF:27
LH:26
BRF:0
BRH:0
end_of_record
